c:/edk2/Build/NT32IA32/DEBUG_VS2013x86/IA32/MdePkg/Library/BaseMemoryLibOptPei/BaseMemoryLibOptPei/OUTPUT/Ia32/ScanMem64.obj
c:/edk2/Build/NT32IA32/DEBUG_VS2013x86/IA32/MdePkg/Library/BaseMemoryLibOptPei/BaseMemoryLibOptPei/OUTPUT/Ia32/ScanMem32.obj
c:/edk2/Build/NT32IA32/DEBUG_VS2013x86/IA32/MdePkg/Library/BaseMemoryLibOptPei/BaseMemoryLibOptPei/OUTPUT/Ia32/ScanMem16.obj
c:/edk2/Build/NT32IA32/DEBUG_VS2013x86/IA32/MdePkg/Library/BaseMemoryLibOptPei/BaseMemoryLibOptPei/OUTPUT/Ia32/ScanMem8.obj
c:/edk2/Build/NT32IA32/DEBUG_VS2013x86/IA32/MdePkg/Library/BaseMemoryLibOptPei/BaseMemoryLibOptPei/OUTPUT/Ia32/CompareMem.obj
c:/edk2/Build/NT32IA32/DEBUG_VS2013x86/IA32/MdePkg/Library/BaseMemoryLibOptPei/BaseMemoryLibOptPei/OUTPUT/Ia32/ZeroMem.obj
c:/edk2/Build/NT32IA32/DEBUG_VS2013x86/IA32/MdePkg/Library/BaseMemoryLibOptPei/BaseMemoryLibOptPei/OUTPUT/Ia32/SetMem64.obj
c:/edk2/Build/NT32IA32/DEBUG_VS2013x86/IA32/MdePkg/Library/BaseMemoryLibOptPei/BaseMemoryLibOptPei/OUTPUT/Ia32/SetMem32.obj
c:/edk2/Build/NT32IA32/DEBUG_VS2013x86/IA32/MdePkg/Library/BaseMemoryLibOptPei/BaseMemoryLibOptPei/OUTPUT/Ia32/SetMem16.obj
c:/edk2/Build/NT32IA32/DEBUG_VS2013x86/IA32/MdePkg/Library/BaseMemoryLibOptPei/BaseMemoryLibOptPei/OUTPUT/Ia32/SetMem.obj
c:/edk2/Build/NT32IA32/DEBUG_VS2013x86/IA32/MdePkg/Library/BaseMemoryLibOptPei/BaseMemoryLibOptPei/OUTPUT/Ia32/CopyMem.obj
c:/edk2/Build/NT32IA32/DEBUG_VS2013x86/IA32/MdePkg/Library/BaseMemoryLibOptPei/BaseMemoryLibOptPei/OUTPUT/Ia32/IsZeroBuffer.obj
c:/edk2/Build/NT32IA32/DEBUG_VS2013x86/IA32/MdePkg/Library/BaseMemoryLibOptPei/BaseMemoryLibOptPei/OUTPUT/ScanMem64Wrapper.obj
c:/edk2/Build/NT32IA32/DEBUG_VS2013x86/IA32/MdePkg/Library/BaseMemoryLibOptPei/BaseMemoryLibOptPei/OUTPUT/ScanMem32Wrapper.obj
c:/edk2/Build/NT32IA32/DEBUG_VS2013x86/IA32/MdePkg/Library/BaseMemoryLibOptPei/BaseMemoryLibOptPei/OUTPUT/ScanMem16Wrapper.obj
c:/edk2/Build/NT32IA32/DEBUG_VS2013x86/IA32/MdePkg/Library/BaseMemoryLibOptPei/BaseMemoryLibOptPei/OUTPUT/ScanMem8Wrapper.obj
c:/edk2/Build/NT32IA32/DEBUG_VS2013x86/IA32/MdePkg/Library/BaseMemoryLibOptPei/BaseMemoryLibOptPei/OUTPUT/ZeroMemWrapper.obj
c:/edk2/Build/NT32IA32/DEBUG_VS2013x86/IA32/MdePkg/Library/BaseMemoryLibOptPei/BaseMemoryLibOptPei/OUTPUT/CompareMemWrapper.obj
c:/edk2/Build/NT32IA32/DEBUG_VS2013x86/IA32/MdePkg/Library/BaseMemoryLibOptPei/BaseMemoryLibOptPei/OUTPUT/SetMem64Wrapper.obj
c:/edk2/Build/NT32IA32/DEBUG_VS2013x86/IA32/MdePkg/Library/BaseMemoryLibOptPei/BaseMemoryLibOptPei/OUTPUT/SetMem32Wrapper.obj
c:/edk2/Build/NT32IA32/DEBUG_VS2013x86/IA32/MdePkg/Library/BaseMemoryLibOptPei/BaseMemoryLibOptPei/OUTPUT/SetMem16Wrapper.obj
c:/edk2/Build/NT32IA32/DEBUG_VS2013x86/IA32/MdePkg/Library/BaseMemoryLibOptPei/BaseMemoryLibOptPei/OUTPUT/SetMemWrapper.obj
c:/edk2/Build/NT32IA32/DEBUG_VS2013x86/IA32/MdePkg/Library/BaseMemoryLibOptPei/BaseMemoryLibOptPei/OUTPUT/CopyMemWrapper.obj
c:/edk2/Build/NT32IA32/DEBUG_VS2013x86/IA32/MdePkg/Library/BaseMemoryLibOptPei/BaseMemoryLibOptPei/OUTPUT/IsZeroBufferWrapper.obj
c:/edk2/Build/NT32IA32/DEBUG_VS2013x86/IA32/MdePkg/Library/BaseMemoryLibOptPei/BaseMemoryLibOptPei/OUTPUT/MemLibGuid.obj